<?xml version="1.0" encoding="UTF-8"?>
<testsuite xmlns:xsi="http://www.w3.org/2001/XMLSchema-instance" xsi:noNamespaceSchemaLocation="https://maven.apache.org/surefire/maven-surefire-plugin/xsd/surefire-test-report-3.0.xsd" version="3.0" name="TestSuite" time="36.02" tests="23" errors="0" skipped="0" failures="0">
  <properties>
    <property name="sun.desktop" value="gnome"/>
    <property name="awt.toolkit" value="sun.awt.X11.XToolkit"/>
    <property name="java.specification.version" value="11"/>
    <property name="sun.cpu.isalist" value=""/>
    <property name="sun.jnu.encoding" value="UTF-8"/>
    <property name="java.class.path" value="/home/principal/devPlace/licensePortalAutoTests/target/test-classes:/home/principal/devPlace/licensePortalAutoTests/target/classes:/home/principal/.m2/repository/org/testng/testng/6.14.3/testng-6.14.3.jar:/home/principal/.m2/repository/com/beust/jcommander/1.72/jcommander-1.72.jar:/home/principal/.m2/repository/org/apache-extras/beanshell/bsh/2.0b6/bsh-2.0b6.jar:/home/principal/.m2/repository/org/seleniumhq/selenium/selenium-java/3.141.59/selenium-java-3.141.59.jar:/home/principal/.m2/repository/org/seleniumhq/selenium/selenium-api/3.141.59/selenium-api-3.141.59.jar:/home/principal/.m2/repository/org/seleniumhq/selenium/selenium-chrome-driver/3.141.59/selenium-chrome-driver-3.141.59.jar:/home/principal/.m2/repository/org/seleniumhq/selenium/selenium-edge-driver/3.141.59/selenium-edge-driver-3.141.59.jar:/home/principal/.m2/repository/org/seleniumhq/selenium/selenium-firefox-driver/3.141.59/selenium-firefox-driver-3.141.59.jar:/home/principal/.m2/repository/org/seleniumhq/selenium/selenium-ie-driver/3.141.59/selenium-ie-driver-3.141.59.jar:/home/principal/.m2/repository/org/seleniumhq/selenium/selenium-opera-driver/3.141.59/selenium-opera-driver-3.141.59.jar:/home/principal/.m2/repository/org/seleniumhq/selenium/selenium-remote-driver/3.141.59/selenium-remote-driver-3.141.59.jar:/home/principal/.m2/repository/org/seleniumhq/selenium/selenium-safari-driver/3.141.59/selenium-safari-driver-3.141.59.jar:/home/principal/.m2/repository/org/seleniumhq/selenium/selenium-support/3.141.59/selenium-support-3.141.59.jar:/home/principal/.m2/repository/net/bytebuddy/byte-buddy/1.8.15/byte-buddy-1.8.15.jar:/home/principal/.m2/repository/org/apache/commons/commons-exec/1.3/commons-exec-1.3.jar:/home/principal/.m2/repository/com/google/guava/guava/25.0-jre/guava-25.0-jre.jar:/home/principal/.m2/repository/com/google/code/findbugs/jsr305/1.3.9/jsr305-1.3.9.jar:/home/principal/.m2/repository/org/checkerframework/checker-compat-qual/2.0.0/checker-compat-qual-2.0.0.jar:/home/principal/.m2/repository/com/google/errorprone/error_prone_annotations/2.1.3/error_prone_annotations-2.1.3.jar:/home/principal/.m2/repository/com/google/j2objc/j2objc-annotations/1.1/j2objc-annotations-1.1.jar:/home/principal/.m2/repository/org/codehaus/mojo/animal-sniffer-annotations/1.14/animal-sniffer-annotations-1.14.jar:/home/principal/.m2/repository/com/squareup/okhttp3/okhttp/3.11.0/okhttp-3.11.0.jar:/home/principal/.m2/repository/com/squareup/okio/okio/1.14.0/okio-1.14.0.jar:/home/principal/.m2/repository/org/apache/logging/log4j/log4j-api/2.12.1/log4j-api-2.12.1.jar:/home/principal/.m2/repository/org/apache/logging/log4j/log4j-core/2.12.1/log4j-core-2.12.1.jar:/home/principal/.m2/repository/commons-io/commons-io/2.5/commons-io-2.5.jar:/home/principal/.m2/repository/com/opencsv/opencsv/4.1/opencsv-4.1.jar:/home/principal/.m2/repository/org/apache/commons/commons-lang3/3.6/commons-lang3-3.6.jar:/home/principal/.m2/repository/org/apache/commons/commons-text/1.1/commons-text-1.1.jar:/home/principal/.m2/repository/commons-beanutils/commons-beanutils/1.9.3/commons-beanutils-1.9.3.jar:/home/principal/.m2/repository/commons-logging/commons-logging/1.2/commons-logging-1.2.jar:/home/principal/.m2/repository/commons-collections/commons-collections/3.2.2/commons-collections-3.2.2.jar:"/>
    <property name="java.vm.vendor" value="Amazon.com Inc."/>
    <property name="sun.arch.data.model" value="64"/>
    <property name="java.vendor.url" value="https://aws.amazon.com/corretto/"/>
    <property name="user.timezone" value=""/>
    <property name="java.vm.specification.version" value="11"/>
    <property name="os.name" value="Linux"/>
    <property name="sun.java.launcher" value="SUN_STANDARD"/>
    <property name="user.country" value="US"/>
    <property name="sun.boot.library.path" value="/usr/lib/jvm/java-11-amazon-corretto/lib"/>
    <property name="sun.java.command" value="/home/principal/devPlace/licensePortalAutoTests/target/surefire/surefirebooter17761151068823011964.jar /home/principal/devPlace/licensePortalAutoTests/target/surefire 2019-10-15T00-40-20_625-jvmRun1 surefire14229457281687706968tmp surefire_017435393668536093795tmp"/>
    <property name="jdk.debug" value="release"/>
    <property name="surefire.test.class.path" value="/home/principal/devPlace/licensePortalAutoTests/target/test-classes:/home/principal/devPlace/licensePortalAutoTests/target/classes:/home/principal/.m2/repository/org/testng/testng/6.14.3/testng-6.14.3.jar:/home/principal/.m2/repository/com/beust/jcommander/1.72/jcommander-1.72.jar:/home/principal/.m2/repository/org/apache-extras/beanshell/bsh/2.0b6/bsh-2.0b6.jar:/home/principal/.m2/repository/org/seleniumhq/selenium/selenium-java/3.141.59/selenium-java-3.141.59.jar:/home/principal/.m2/repository/org/seleniumhq/selenium/selenium-api/3.141.59/selenium-api-3.141.59.jar:/home/principal/.m2/repository/org/seleniumhq/selenium/selenium-chrome-driver/3.141.59/selenium-chrome-driver-3.141.59.jar:/home/principal/.m2/repository/org/seleniumhq/selenium/selenium-edge-driver/3.141.59/selenium-edge-driver-3.141.59.jar:/home/principal/.m2/repository/org/seleniumhq/selenium/selenium-firefox-driver/3.141.59/selenium-firefox-driver-3.141.59.jar:/home/principal/.m2/repository/org/seleniumhq/selenium/selenium-ie-driver/3.141.59/selenium-ie-driver-3.141.59.jar:/home/principal/.m2/repository/org/seleniumhq/selenium/selenium-opera-driver/3.141.59/selenium-opera-driver-3.141.59.jar:/home/principal/.m2/repository/org/seleniumhq/selenium/selenium-remote-driver/3.141.59/selenium-remote-driver-3.141.59.jar:/home/principal/.m2/repository/org/seleniumhq/selenium/selenium-safari-driver/3.141.59/selenium-safari-driver-3.141.59.jar:/home/principal/.m2/repository/org/seleniumhq/selenium/selenium-support/3.141.59/selenium-support-3.141.59.jar:/home/principal/.m2/repository/net/bytebuddy/byte-buddy/1.8.15/byte-buddy-1.8.15.jar:/home/principal/.m2/repository/org/apache/commons/commons-exec/1.3/commons-exec-1.3.jar:/home/principal/.m2/repository/com/google/guava/guava/25.0-jre/guava-25.0-jre.jar:/home/principal/.m2/repository/com/google/code/findbugs/jsr305/1.3.9/jsr305-1.3.9.jar:/home/principal/.m2/repository/org/checkerframework/checker-compat-qual/2.0.0/checker-compat-qual-2.0.0.jar:/home/principal/.m2/repository/com/google/errorprone/error_prone_annotations/2.1.3/error_prone_annotations-2.1.3.jar:/home/principal/.m2/repository/com/google/j2objc/j2objc-annotations/1.1/j2objc-annotations-1.1.jar:/home/principal/.m2/repository/org/codehaus/mojo/animal-sniffer-annotations/1.14/animal-sniffer-annotations-1.14.jar:/home/principal/.m2/repository/com/squareup/okhttp3/okhttp/3.11.0/okhttp-3.11.0.jar:/home/principal/.m2/repository/com/squareup/okio/okio/1.14.0/okio-1.14.0.jar:/home/principal/.m2/repository/org/apache/logging/log4j/log4j-api/2.12.1/log4j-api-2.12.1.jar:/home/principal/.m2/repository/org/apache/logging/log4j/log4j-core/2.12.1/log4j-core-2.12.1.jar:/home/principal/.m2/repository/commons-io/commons-io/2.5/commons-io-2.5.jar:/home/principal/.m2/repository/com/opencsv/opencsv/4.1/opencsv-4.1.jar:/home/principal/.m2/repository/org/apache/commons/commons-lang3/3.6/commons-lang3-3.6.jar:/home/principal/.m2/repository/org/apache/commons/commons-text/1.1/commons-text-1.1.jar:/home/principal/.m2/repository/commons-beanutils/commons-beanutils/1.9.3/commons-beanutils-1.9.3.jar:/home/principal/.m2/repository/commons-logging/commons-logging/1.2/commons-logging-1.2.jar:/home/principal/.m2/repository/commons-collections/commons-collections/3.2.2/commons-collections-3.2.2.jar:"/>
    <property name="sun.cpu.endian" value="little"/>
    <property name="user.home" value="/home/principal"/>
    <property name="user.language" value="en"/>
    <property name="java.specification.vendor" value="Oracle Corporation"/>
    <property name="java.version.date" value="2019-07-16"/>
    <property name="java.home" value="/usr/lib/jvm/java-11-amazon-corretto"/>
    <property name="file.separator" value="/"/>
    <property name="basedir" value="/home/principal/devPlace/licensePortalAutoTests"/>
    <property name="java.vm.compressedOopsMode" value="Zero based"/>
    <property name="line.separator" value="&#10;"/>
    <property name="java.specification.name" value="Java Platform API Specification"/>
    <property name="java.vm.specification.vendor" value="Oracle Corporation"/>
    <property name="java.awt.graphicsenv" value="sun.awt.X11GraphicsEnvironment"/>
    <property name="surefire.real.class.path" value="/home/principal/devPlace/licensePortalAutoTests/target/surefire/surefirebooter17761151068823011964.jar"/>
    <property name="sun.management.compiler" value="HotSpot 64-Bit Tiered Compilers"/>
    <property name="java.runtime.version" value="11.0.4+11-LTS"/>
    <property name="user.name" value="principal"/>
    <property name="path.separator" value=":"/>
    <property name="os.version" value="4.15.0-65-generic"/>
    <property name="java.runtime.name" value="OpenJDK Runtime Environment"/>
    <property name="file.encoding" value="UTF-8"/>
    <property name="browser" value="chrome"/>
    <property name="java.vm.name" value="OpenJDK 64-Bit Server VM"/>
    <property name="java.vendor.version" value="Corretto-11.0.4.11.1"/>
    <property name="localRepository" value="/home/principal/.m2/repository"/>
    <property name="java.vendor.url.bug" value="https://github.com/corretto/corretto-11/issues/"/>
    <property name="java.io.tmpdir" value="/tmp"/>
    <property name="java.version" value="11.0.4"/>
    <property name="user.dir" value="/home/principal/devPlace/licensePortalAutoTests"/>
    <property name="os.arch" value="amd64"/>
    <property name="java.vm.specification.name" value="Java Virtual Machine Specification"/>
    <property name="java.awt.printerjob" value="sun.print.PSPrinterJob"/>
    <property name="sun.os.patch.level" value="unknown"/>
    <property name="java.library.path" value="/usr/java/packages/lib:/usr/lib64:/lib64:/lib:/usr/lib"/>
    <property name="java.vendor" value="Amazon.com Inc."/>
    <property name="java.vm.info" value="mixed mode"/>
    <property name="java.vm.version" value="11.0.4+11-LTS"/>
    <property name="sun.io.unicode.encoding" value="UnicodeLittle"/>
    <property name="java.class.version" value="55.0"/>
  </properties>
  <testcase name="unsuccessfulLogin" classname="testObjects.LoginTest" time="1.009"/>
  <testcase name="successfulLogin" classname="testObjects.LoginTest" time="1.234"/>
  <testcase name="generatePermanentPurchased" classname="testObjects.GenerateTest" time="2.199"/>
  <testcase name="activateKey" classname="testObjects.ActivateTest" time="2.28"/>
  <testcase name="activateKey" classname="testObjects.ActivateTest" time="2.264"/>
  <testcase name="activateKey" classname="testObjects.ActivateTest" time="2.27"/>
  <testcase name="activateKey" classname="testObjects.ActivateTest" time="2.267"/>
  <testcase name="activateKey" classname="testObjects.ActivateTest" time="2.25"/>
  <testcase name="activateKey" classname="testObjects.ActivateTest" time="2.255"/>
  <testcase name="activateKey" classname="testObjects.ActivateTest" time="2.268"/>
  <testcase name="activateKey" classname="testObjects.ActivateTest" time="2.252"/>
  <testcase name="activateKey" classname="testObjects.ActivateTest" time="2.27"/>
  <testcase name="activateKey" classname="testObjects.ActivateTest" time="2.267"/>
  <testcase name="disableKey" classname="testObjects.DisableTest" time="0.152"/>
  <testcase name="disableKey" classname="testObjects.DisableTest" time="0.13"/>
  <testcase name="disableKey" classname="testObjects.DisableTest" time="0.126"/>
  <testcase name="disableKey" classname="testObjects.DisableTest" time="0.11"/>
  <testcase name="disableKey" classname="testObjects.DisableTest" time="0.124"/>
  <testcase name="disableKey" classname="testObjects.DisableTest" time="0.118"/>
  <testcase name="disableKey" classname="testObjects.DisableTest" time="0.142"/>
  <testcase name="disableKey" classname="testObjects.DisableTest" time="0.115"/>
  <testcase name="disableKey" classname="testObjects.DisableTest" time="0.114"/>
  <testcase name="disableKey" classname="testObjects.DisableTest" time="0.117"/>
</testsuite>