<?xml version="1.0" encoding="UTF-8"?>
<!-- Generated by org.testng.reporters.JUnitReportReporter -->
<testsuite hostname="zalupa" failures="0" tests="2" name="testObjects.LoginTest" time="2.246" errors="0" timestamp="14 Oct 2019 01:33:46 GMT" skipped="0">
  <testcase classname="testObjects.LoginTest" name="successfulLogin" time="1.294"/>
  <testcase classname="testObjects.LoginTest" name="unsuccessfulLogin" time="0.952"/>
</testsuite> <!-- testObjects.LoginTest -->
