<?xml version="1.0" encoding="UTF-8"?>
<!-- Generated by org.testng.reporters.JUnitReportReporter -->
<testsuite hostname="DESKTOP-R8ECP0P" failures="0" tests="1" name="licenseportal.TestTrial" time="0.000" errors="0" timestamp="12 Sep 2019 20:45:46 GMT" skipped="0">
  <testcase classname="licenseportal.TestTrial" name="Hello" time="0.000"/>
</testsuite> <!-- licenseportal.TestTrial -->
