<?xml version="1.0" encoding="UTF-8"?>
<!-- Generated by org.testng.reporters.JUnitReportReporter -->
<testsuite hostname="zalupa" failures="0" tests="1" name="testObjects.DisableTest" time="0.796" errors="0" timestamp="02 Oct 2019 08:10:18 GMT" skipped="0">
  <testcase classname="testObjects.DisableTest" name="disableKey" time="0.796"/>
</testsuite> <!-- testObjects.DisableTest -->
