<?xml version="1.0" encoding="UTF-8"?>
<!-- Generated by org.testng.reporters.JUnitReportReporter -->
<testsuite hostname="zalupa" failures="0" tests="2" name="testObjects.LoginTest" time="2.244" errors="0" timestamp="15 Oct 2019 07:40:57 GMT" skipped="0">
  <testcase classname="testObjects.LoginTest" name="successfulLogin" time="1.235"/>
  <testcase classname="testObjects.LoginTest" name="unsuccessfulLogin" time="1.009"/>
</testsuite> <!-- testObjects.LoginTest -->
