<?xml version="1.0" encoding="UTF-8"?>
<!-- Generated by org.testng.reporters.JUnitReportReporter -->
<testsuite hostname="zalupa" failures="0" tests="2" name="testObjects.LoginTest" time="2.293" errors="0" timestamp="17 Oct 2019 07:32:59 GMT" skipped="0">
  <testcase classname="testObjects.LoginTest" name="unsuccessfulLogin" time="1.040"/>
  <testcase classname="testObjects.LoginTest" name="successfulLogin" time="1.253"/>
</testsuite> <!-- testObjects.LoginTest -->
