<?xml version="1.0" encoding="UTF-8"?>
<!-- Generated by org.testng.reporters.JUnitReportReporter -->
<testsuite hostname="zalupa" failures="0" tests="10" name="testObjects.DisableTest" time="1.248" errors="0" timestamp="15 Oct 2019 07:40:57 GMT" skipped="0">
  <testcase classname="testObjects.DisableTest" name="disableKey" time="0.115"/>
  <testcase classname="testObjects.DisableTest" name="disableKey" time="0.110"/>
  <testcase classname="testObjects.DisableTest" name="disableKey" time="0.117"/>
  <testcase classname="testObjects.DisableTest" name="disableKey" time="0.115"/>
  <testcase classname="testObjects.DisableTest" name="disableKey" time="0.130"/>
  <testcase classname="testObjects.DisableTest" name="disableKey" time="0.142"/>
  <testcase classname="testObjects.DisableTest" name="disableKey" time="0.124"/>
  <testcase classname="testObjects.DisableTest" name="disableKey" time="0.116"/>
  <testcase classname="testObjects.DisableTest" name="disableKey" time="0.153"/>
  <testcase classname="testObjects.DisableTest" name="disableKey" time="0.126"/>
</testsuite> <!-- testObjects.DisableTest -->
