<?xml version="1.0" encoding="UTF-8"?>
<!-- Generated by org.testng.reporters.JUnitReportReporter -->
<testsuite hostname="zalupa" failures="0" tests="1" name="testObjects.ActivateTest" time="2.313" errors="0" timestamp="14 Oct 2019 01:33:46 GMT" skipped="0">
  <testcase classname="testObjects.ActivateTest" name="activateKey" time="2.313"/>
</testsuite> <!-- testObjects.ActivateTest -->
