<?xml version="1.0" encoding="UTF-8"?>
<!-- Generated by org.testng.reporters.JUnitReportReporter -->
<testsuite hostname="zalupa" failures="0" tests="10" name="testObjects.DisableTest" time="1.241" errors="0" timestamp="17 Oct 2019 07:32:59 GMT" skipped="0">
  <testcase classname="testObjects.DisableTest" name="disableKey" time="0.118"/>
  <testcase classname="testObjects.DisableTest" name="disableKey" time="0.113"/>
  <testcase classname="testObjects.DisableTest" name="disableKey" time="0.131"/>
  <testcase classname="testObjects.DisableTest" name="disableKey" time="0.114"/>
  <testcase classname="testObjects.DisableTest" name="disableKey" time="0.127"/>
  <testcase classname="testObjects.DisableTest" name="disableKey" time="0.124"/>
  <testcase classname="testObjects.DisableTest" name="disableKey" time="0.167"/>
  <testcase classname="testObjects.DisableTest" name="disableKey" time="0.114"/>
  <testcase classname="testObjects.DisableTest" name="disableKey" time="0.112"/>
  <testcase classname="testObjects.DisableTest" name="disableKey" time="0.121"/>
</testsuite> <!-- testObjects.DisableTest -->
