<?xml version="1.0" encoding="UTF-8"?>
<!-- Generated by org.testng.reporters.JUnitReportReporter -->
<testsuite hostname="zalupa" failures="0" tests="1" name="testObjects.GenerateTest" time="0.001" errors="0" timestamp="30 Sep 2019 08:15:32 GMT" skipped="0">
  <testcase classname="testObjects.GenerateTest" name="generatePermanentPurchased" time="0.001"/>
</testsuite> <!-- testObjects.GenerateTest -->
