<?xml version="1.0" encoding="UTF-8"?>
<!-- Generated by org.testng.reporters.JUnitReportReporter -->
<testsuite hostname="zalupa" failures="0" tests="2" name="testObjects.LoginTest" time="2.177" errors="0" timestamp="30 Sep 2019 08:15:32 GMT" skipped="0">
  <testcase classname="testObjects.LoginTest" name="successfulLogin" time="1.101"/>
  <testcase classname="testObjects.LoginTest" name="unsuccessfulLogin" time="1.076"/>
</testsuite> <!-- testObjects.LoginTest -->
