<?xml version="1.0" encoding="UTF-8"?>
<!-- Generated by org.testng.reporters.JUnitReportReporter -->
<testsuite hostname="zalupa" failures="0" tests="1" name="testObjects.DeactivateTest" time="4.703" errors="0" timestamp="21 Oct 2019 01:06:03 GMT" skipped="0">
  <testcase classname="testObjects.DeactivateTest" name="deactivateKey" time="4.703"/>
</testsuite> <!-- testObjects.DeactivateTest -->
