<?xml version="1.0" encoding="UTF-8"?>
<!-- Generated by org.testng.reporters.JUnitReportReporter -->
<testsuite hostname="DESKTOP-R8ECP0P" failures="0" tests="2" name="testObjects.LoginTest" time="8.840" errors="0" timestamp="01 Oct 2019 00:19:30 GMT" skipped="0">
  <testcase classname="testObjects.LoginTest" name="successfulLogin" time="1.097"/>
  <testcase classname="testObjects.LoginTest" name="unsuccessfulLogin" time="7.743"/>
</testsuite> <!-- testObjects.LoginTest -->
