<?xml version="1.0" encoding="UTF-8"?>
<!-- Generated by org.testng.reporters.JUnitReportReporter -->
<testsuite hostname="zalupa" failures="0" tests="5" name="testObjects.ActivateTest" time="11.339" errors="0" timestamp="21 Oct 2019 01:06:03 GMT" skipped="0">
  <testcase classname="testObjects.ActivateTest" name="activateKey" time="2.298"/>
  <testcase classname="testObjects.ActivateTest" name="activateKey" time="2.266"/>
  <testcase classname="testObjects.ActivateTest" name="activateKey" time="2.253"/>
  <testcase classname="testObjects.ActivateTest" name="activateKey" time="2.268"/>
  <testcase classname="testObjects.ActivateTest" name="activateKey" time="2.254"/>
</testsuite> <!-- testObjects.ActivateTest -->
