<?xml version="1.0" encoding="UTF-8"?>
<!-- Generated by org.testng.reporters.JUnitReportReporter -->
<testsuite hostname="zalupa" failures="0" tests="2" name="testObjects.LoginTest" time="2.179" errors="0" timestamp="02 Oct 2019 07:55:38 GMT" skipped="0">
  <testcase classname="testObjects.LoginTest" name="successfulLogin" time="1.196"/>
  <testcase classname="testObjects.LoginTest" name="unsuccessfulLogin" time="0.983"/>
</testsuite> <!-- testObjects.LoginTest -->
