<?xml version="1.0" encoding="UTF-8"?>
<!-- Generated by org.testng.reporters.JUnitReportReporter -->
<testsuite hostname="zalupa" failures="0" tests="2" name="testObjects.LoginTest" time="2.036" errors="0" timestamp="06 Oct 2019 20:56:37 GMT" skipped="0">
  <testcase classname="testObjects.LoginTest" name="successfulLogin" time="1.077"/>
  <testcase classname="testObjects.LoginTest" name="unsuccessfulLogin" time="0.959"/>
</testsuite> <!-- testObjects.LoginTest -->
