<?xml version="1.0" encoding="UTF-8"?>
<!-- Generated by org.testng.reporters.JUnitReportReporter -->
<testsuite hostname="zalupa" failures="0" tests="1" name="testObjects.GenerateTest" time="1.479" errors="0" timestamp="02 Oct 2019 07:20:16 GMT" skipped="0">
  <testcase classname="testObjects.GenerateTest" name="generatePermanentPurchased" time="1.479"/>
</testsuite> <!-- testObjects.GenerateTest -->
