<?xml version="1.0" encoding="UTF-8"?>
<!-- Generated by org.testng.reporters.JUnitReportReporter -->
<testsuite hostname="zalupa" failures="0" tests="2" name="licenseportal.LoginTest" time="1.156" errors="0" timestamp="13 Sep 2019 07:23:39 GMT" skipped="0">
  <testcase classname="licenseportal.LoginTest" name="successfulLogin" time="0.847"/>
  <testcase classname="licenseportal.LoginTest" name="unsuccessfulLogin" time="0.309"/>
</testsuite> <!-- licenseportal.LoginTest -->
