<?xml version="1.0" encoding="UTF-8"?>
<!-- Generated by org.testng.reporters.JUnitReportReporter -->
<testsuite hostname="DESKTOP-R8ECP0P" failures="0" tests="2" name="testObjects.LoginTest" time="2.010" errors="0" timestamp="27 Sep 2019 02:05:02 GMT" skipped="0">
  <testcase classname="testObjects.LoginTest" name="successfulLogin" time="1.081"/>
  <testcase classname="testObjects.LoginTest" name="unsuccessfulLogin" time="0.929"/>
</testsuite> <!-- testObjects.LoginTest -->
