<?xml version="1.0" encoding="UTF-8"?>
<!-- Generated by org.testng.reporters.JUnitReportReporter -->
<testsuite hostname="DESKTOP-R8ECP0P" failures="0" tests="1" name="licenseportal.LoginTest" time="0.765" errors="0" timestamp="13 Sep 2019 00:46:26 GMT" skipped="0">
  <testcase classname="licenseportal.LoginTest" name="UnsuccessfulLogin" time="0.765"/>
</testsuite> <!-- licenseportal.LoginTest -->
