<?xml version="1.0" encoding="UTF-8"?>
<!-- Generated by org.testng.reporters.JUnitReportReporter -->
<testsuite hostname="zalupa" failures="0" tests="10" name="testObjects.DisableTest" time="1.270" errors="0" timestamp="14 Oct 2019 01:33:46 GMT" skipped="0">
  <testcase classname="testObjects.DisableTest" name="disableKey" time="0.162"/>
  <testcase classname="testObjects.DisableTest" name="disableKey" time="0.135"/>
  <testcase classname="testObjects.DisableTest" name="disableKey" time="0.119"/>
  <testcase classname="testObjects.DisableTest" name="disableKey" time="0.125"/>
  <testcase classname="testObjects.DisableTest" name="disableKey" time="0.122"/>
  <testcase classname="testObjects.DisableTest" name="disableKey" time="0.129"/>
  <testcase classname="testObjects.DisableTest" name="disableKey" time="0.116"/>
  <testcase classname="testObjects.DisableTest" name="disableKey" time="0.117"/>
  <testcase classname="testObjects.DisableTest" name="disableKey" time="0.126"/>
  <testcase classname="testObjects.DisableTest" name="disableKey" time="0.119"/>
</testsuite> <!-- testObjects.DisableTest -->
