<?xml version="1.0" encoding="UTF-8"?>
<!-- Generated by org.testng.reporters.JUnitReportReporter -->
<testsuite hostname="DESKTOP-R8ECP0P" failures="0" tests="1" name="testObjects.GenerateTest" time="0.001" errors="0" timestamp="01 Oct 2019 00:19:30 GMT" skipped="0">
  <testcase classname="testObjects.GenerateTest" name="generatePermanentPurchased" time="0.001"/>
</testsuite> <!-- testObjects.GenerateTest -->
