<?xml version="1.0" encoding="UTF-8"?>
<!-- Generated by org.testng.reporters.JUnitReportReporter -->
<testsuite hostname="zalupa" failures="0" tests="10" name="testObjects.DisableTest" time="1.316" errors="0" timestamp="09 Oct 2019 07:42:45 GMT" skipped="0">
  <testcase classname="testObjects.DisableTest" name="disableKey" time="0.115"/>
  <testcase classname="testObjects.DisableTest" name="disableKey" time="0.150"/>
  <testcase classname="testObjects.DisableTest" name="disableKey" time="0.129"/>
  <testcase classname="testObjects.DisableTest" name="disableKey" time="0.158"/>
  <testcase classname="testObjects.DisableTest" name="disableKey" time="0.112"/>
  <testcase classname="testObjects.DisableTest" name="disableKey" time="0.120"/>
  <testcase classname="testObjects.DisableTest" name="disableKey" time="0.133"/>
  <testcase classname="testObjects.DisableTest" name="disableKey" time="0.129"/>
  <testcase classname="testObjects.DisableTest" name="disableKey" time="0.133"/>
  <testcase classname="testObjects.DisableTest" name="disableKey" time="0.137"/>
</testsuite> <!-- testObjects.DisableTest -->
