<?xml version="1.0" encoding="UTF-8"?>
<!-- Generated by org.testng.reporters.JUnitReportReporter -->
<testsuite hostname="zalupa" failures="0" tests="1" name="testObjects.DeactivateTest" time="8.750" errors="0" timestamp="17 Oct 2019 07:32:59 GMT" skipped="0">
  <testcase classname="testObjects.DeactivateTest" name="deactivateKey" time="8.750"/>
</testsuite> <!-- testObjects.DeactivateTest -->
