<?xml version="1.0" encoding="UTF-8"?>
<!-- Generated by org.testng.reporters.JUnitReportReporter -->
<testsuite hostname="zalupa" failures="0" tests="5" name="testObjects.DisableTest" time="0.973" errors="0" timestamp="21 Oct 2019 01:06:03 GMT" skipped="0">
  <testcase classname="testObjects.DisableTest" name="disableKey" time="0.209"/>
  <testcase classname="testObjects.DisableTest" name="disableKey" time="0.154"/>
  <testcase classname="testObjects.DisableTest" name="disableKey" time="0.194"/>
  <testcase classname="testObjects.DisableTest" name="disableKey" time="0.228"/>
  <testcase classname="testObjects.DisableTest" name="disableKey" time="0.188"/>
</testsuite> <!-- testObjects.DisableTest -->
