<?xml version="1.0" encoding="UTF-8"?>
<!-- Generated by org.testng.reporters.JUnitReportReporter -->
<testsuite hostname="zalupa" failures="0" tests="10" name="testObjects.ActivateTest" time="22.700" errors="0" timestamp="17 Oct 2019 07:32:59 GMT" skipped="0">
  <testcase classname="testObjects.ActivateTest" name="activateKey" time="2.287"/>
  <testcase classname="testObjects.ActivateTest" name="activateKey" time="2.284"/>
  <testcase classname="testObjects.ActivateTest" name="activateKey" time="2.239"/>
  <testcase classname="testObjects.ActivateTest" name="activateKey" time="2.267"/>
  <testcase classname="testObjects.ActivateTest" name="activateKey" time="2.259"/>
  <testcase classname="testObjects.ActivateTest" name="activateKey" time="2.285"/>
  <testcase classname="testObjects.ActivateTest" name="activateKey" time="2.267"/>
  <testcase classname="testObjects.ActivateTest" name="activateKey" time="2.280"/>
  <testcase classname="testObjects.ActivateTest" name="activateKey" time="2.268"/>
  <testcase classname="testObjects.ActivateTest" name="activateKey" time="2.264"/>
</testsuite> <!-- testObjects.ActivateTest -->
