<?xml version="1.0" encoding="UTF-8"?>
<!-- Generated by org.testng.reporters.JUnitReportReporter -->
<testsuite hostname="zalupa" failures="0" tests="2" name="testObjects.LoginTest" time="2.394" errors="0" timestamp="21 Oct 2019 01:06:03 GMT" skipped="0">
  <testcase classname="testObjects.LoginTest" name="unsuccessfulLogin" time="1.013"/>
  <testcase classname="testObjects.LoginTest" name="successfulLogin" time="1.381"/>
</testsuite> <!-- testObjects.LoginTest -->
