<?xml version="1.0" encoding="UTF-8"?>
<!-- Generated by org.testng.reporters.JUnitReportReporter -->
<testsuite hostname="zalupa" failures="0" tests="1" name="testObjects.GenerateTest" time="2.160" errors="0" timestamp="14 Oct 2019 01:33:46 GMT" skipped="0">
  <testcase classname="testObjects.GenerateTest" name="generatePermanentPurchased" time="2.160"/>
</testsuite> <!-- testObjects.GenerateTest -->
